<?xml version="1.0" encoding="UTF-8"?>
<!-- Generated by org.testng.reporters.JUnitReportReporter -->
<testsuite hostname="SAIRAM-PC" name="scripts.TestEnterTimeTrack" tests="1" failures="0" timestamp="5 Sep 2019 16:34:33 GMT" time="141.774" errors="0">
  <testcase name="verifyEnterTimeTrack" time="141.774" classname="scripts.TestEnterTimeTrack"/>
</testsuite> <!-- scripts.TestEnterTimeTrack -->
