<?xml version="1.0" encoding="UTF-8"?>
<!-- Generated by org.testng.reporters.JUnitReportReporter -->
<testsuite hostname="SAIRAM-PC" name="scripts.TestValidLoginPage" tests="1" failures="0" timestamp="5 Sep 2019 08:11:16 GMT" time="23.496" errors="0">
  <testcase name="validTestLP" time="23.496" classname="scripts.TestValidLoginPage"/>
</testsuite> <!-- scripts.TestValidLoginPage -->
