<?xml version="1.0" encoding="UTF-8"?>
<!-- Generated by org.testng.reporters.JUnitReportReporter -->
<testsuite hostname="SAIRAM-PC" name="scripts.TestUserListPage" tests="1" failures="0" timestamp="7 Sep 2019 14:28:03 GMT" time="36.495" errors="0">
  <testcase name="verifyUserListPage" time="36.495" classname="scripts.TestUserListPage"/>
</testsuite> <!-- scripts.TestUserListPage -->
